app/build/intermediates/manifest_merge_blame_file/debug/manifest-merger-blame-debug-report.txt
1<?xml version="1.0" encoding="utf-8"?>
2<manifest xmlns:android="http://schemas.android.com/apk/res/android"
3    package="com.example.ti.ble.sensortag"
4    android:versionCode="2"
5    android:versionName="1.01" >
6
7    <uses-sdk
7-->src\main\AndroidManifest.xml:14:5-47
8        android:minSdkVersion="18"
8-->src\main\AndroidManifest.xml:14:5-47
9        android:targetSdkVersion="29" />
9-->src\main\AndroidManifest.xml:14:15-44
10
11    <uses-permission android:name="android.permission.BLUETOOTH" />
11-->src\main\AndroidManifest.xml:7:5-68
11-->src\main\AndroidManifest.xml:7:22-65
12    <uses-permission android:name="android.permission.BLUETOOTH_ADMIN" />
12-->src\main\AndroidManifest.xml:8:5-74
12-->src\main\AndroidManifest.xml:8:22-71
13    <uses-permission android:name="android.permission.INTERNET" />
13-->src\main\AndroidManifest.xml:9:5-67
13-->src\main\AndroidManifest.xml:9:22-64
14    <uses-permission android:name="android.permission.READ_EXTERNAL_STORAGE" />
14-->src\main\AndroidManifest.xml:10:5-80
14-->src\main\AndroidManifest.xml:10:22-77
15    <uses-permission android:name="android.permission.ACCESS_FINE_LOCATION" />
15-->src\main\AndroidManifest.xml:11:5-79
15-->src\main\AndroidManifest.xml:11:22-76
16    <uses-permission android:name="android.permission.ACCESS_COARSE_LOCATION" />
16-->src\main\AndroidManifest.xml:12:5-81
16-->src\main\AndroidManifest.xml:12:22-78
17
18    <uses-feature
18-->src\main\AndroidManifest.xml:16:5-18:35
19        android:name="android.hardware.bluetooth_le"
19-->src\main\AndroidManifest.xml:17:9-53
20        android:required="true" />
20-->src\main\AndroidManifest.xml:18:9-32
21
22    <application
22-->src\main\AndroidManifest.xml:20:5-66:19
23        android:allowBackup="false"
23-->src\main\AndroidManifest.xml:21:9-36
24        android:debuggable="true"
25        android:icon="@drawable/tible"
25-->src\main\AndroidManifest.xml:22:9-39
26        android:label="@string/app_name"
26-->src\main\AndroidManifest.xml:23:9-41
27        android:testOnly="true"
28        android:theme="@android:style/Theme.Holo.Light" >
28-->src\main\AndroidManifest.xml:24:9-56
29        <service
29-->src\main\AndroidManifest.xml:25:9-27:38
30            android:name="com.example.ti.ble.common.BluetoothLeService"
30-->src\main\AndroidManifest.xml:26:13-72
31            android:enabled="true" />
31-->src\main\AndroidManifest.xml:27:13-35
32
33        <activity
33-->src\main\AndroidManifest.xml:29:9-39:20
34            android:name="com.example.ti.ble.sensortag.MainActivity"
34-->src\main\AndroidManifest.xml:30:13-69
35            android:label="@string/app_name"
35-->src\main\AndroidManifest.xml:31:13-45
36            android:screenOrientation="portrait" >
36-->src\main\AndroidManifest.xml:32:13-49
37            <intent-filter>
37-->src\main\AndroidManifest.xml:33:13-38:29
38                <action android:name="android.intent.action.MAIN" />
38-->src\main\AndroidManifest.xml:34:17-69
38-->src\main\AndroidManifest.xml:34:25-66
39
40                <category android:name="android.intent.category.DEFAULT" />
40-->src\main\AndroidManifest.xml:36:17-76
40-->src\main\AndroidManifest.xml:36:27-73
41                <category android:name="android.intent.category.LAUNCHER" />
41-->src\main\AndroidManifest.xml:37:17-77
41-->src\main\AndroidManifest.xml:37:27-74
42            </intent-filter>
43        </activity>
44        <activity
44-->src\main\AndroidManifest.xml:40:9-43:52
45            android:name="com.example.ti.ble.sensortag.DeviceActivity"
45-->src\main\AndroidManifest.xml:41:13-71
46            android:parentActivityName="com.example.ti.ble.sensortag.MainActivity"
46-->src\main\AndroidManifest.xml:42:13-54
47            android:screenOrientation="portrait" />
47-->src\main\AndroidManifest.xml:43:13-49
48        <activity
48-->src\main\AndroidManifest.xml:44:9-47:52
49            android:name="com.example.ti.ble.sensortag.ServiceActivity"
49-->src\main\AndroidManifest.xml:45:13-72
50            android:parentActivityName="com.example.ti.ble.sensortag.DeviceActivity"
50-->src\main\AndroidManifest.xml:46:13-56
51            android:screenOrientation="portrait" />
51-->src\main\AndroidManifest.xml:47:13-49
52        <activity
52-->src\main\AndroidManifest.xml:48:9-51:52
53            android:name="com.example.ti.ble.sensortag.FwUpdateActivity"
53-->src\main\AndroidManifest.xml:49:13-73
54            android:parentActivityName="com.example.ti.ble.sensortag.DeviceActivity"
54-->src\main\AndroidManifest.xml:50:13-56
55            android:screenOrientation="portrait" />
55-->src\main\AndroidManifest.xml:51:13-49
56        <activity
56-->src\main\AndroidManifest.xml:52:9-55:52
57            android:name="com.example.ti.ble.sensortag.DeviceControlView"
57-->src\main\AndroidManifest.xml:53:13-74
58            android:parentActivityName="com.example.ti.ble.sensortag.DeviceActivity"
58-->src\main\AndroidManifest.xml:54:13-56
59            android:screenOrientation="portrait" />
59-->src\main\AndroidManifest.xml:55:13-49
60        <activity
60-->src\main\AndroidManifest.xml:56:9-59:52
61            android:name="com.example.ti.ble.sensortag.FileActivity"
61-->src\main\AndroidManifest.xml:57:13-69
62            android:parentActivityName="com.example.ti.ble.sensortag.FwUpdateActivity"
62-->src\main\AndroidManifest.xml:58:13-58
63            android:screenOrientation="portrait" />
63-->src\main\AndroidManifest.xml:59:13-49
64        <activity
64-->src\main\AndroidManifest.xml:60:9-64:42
65            android:name="com.example.ti.ble.sensortag.PreferencesActivity"
65-->src\main\AndroidManifest.xml:61:13-76
66            android:label="Preferences"
66-->src\main\AndroidManifest.xml:64:13-40
67            android:parentActivityName="com.example.ti.ble.sensortag.DeviceActivity"
67-->src\main\AndroidManifest.xml:62:13-56
68            android:screenOrientation="portrait" />
68-->src\main\AndroidManifest.xml:63:13-49
69
70        <meta-data
70-->[com.android.support:support-v4:25.4.0] AndroidManifest.xml:26:9-28:38
71            android:name="android.support.VERSION"
71-->[com.android.support:support-v4:25.4.0] AndroidManifest.xml:27:13-51
72            android:value="25.4.0" />
72-->[com.android.support:support-v4:25.4.0] AndroidManifest.xml:28:13-35
73    </application>
74
75</manifest>